f:\git\personal\personalproject\deferredshading\deferredshading\x64\debug\deferredshading.pch
f:\git\personal\personalproject\deferredshading\deferredshading\x64\debug\vc140.pdb
f:\git\personal\personalproject\deferredshading\deferredshading\x64\debug\vc140.idb
f:\git\personal\personalproject\deferredshading\deferredshading\x64\debug\stdafx.obj
f:\git\personal\personalproject\deferredshading\deferredshading\x64\debug\customquarternion.obj
f:\git\personal\personalproject\deferredshading\deferredshading\x64\debug\customvector.obj
f:\git\personal\personalproject\deferredshading\deferredshading\x64\debug\deferredshading.obj
f:\git\personal\personalproject\deferredshading\deferredshading\x64\debug\dxdevice.obj
f:\git\personal\personalproject\deferredshading\deferredshading\x64\debug\modeldynamicdata.obj
f:\git\personal\personalproject\deferredshading\deferredshading\x64\debug\modelstaticdata.obj
f:\git\personal\personalproject\deferredshading\deferredshading\x64\debug\orbitmeshsubset.obj
f:\git\personal\personalproject\deferredshading\deferredshading\x64\debug\orbitmaterial.obj
f:\git\personal\personalproject\deferredshading\deferredshading\x64\debug\renderedobjectmanager.obj
f:\git\personal\personalproject\deferredshading\deferredshading\x64\debug\shadermanager.obj
f:\git\personal\personalproject\deferredshading\deferredshading\x64\debug\shaderobjectdx.obj
f:\git\personal\personalproject\deferredshading\deferredshading\x64\debug\shaderrendertarget.obj
f:\git\personal\personalproject\deferredshading\deferredshading\x64\debug\shaderrendertargetdx.obj
f:\git\personal\personalproject\deferredshading\deferredshading\x64\debug\testmodelobject.obj
f:\git\personal\personalproject\deferredshading\deferredshading\x64\debug\camerabase.obj
f:\git\personal\personalproject\deferredshading\deferredshading\x64\debug\coresystem.obj
f:\git\personal\personalproject\deferredshading\deferredshading\x64\debug\custommatrix.obj
f:\git\personal\personalproject\deferredshading\x64\debug\computeshader_composite.cso
f:\git\personal\personalproject\deferredshading\x64\debug\render_ps.cso
f:\git\personal\personalproject\deferredshading\x64\debug\render_vs.cso
f:\git\personal\personalproject\deferredshading\deferredshading\x64\debug\deferredshading.tlog\cl.command.1.tlog
f:\git\personal\personalproject\deferredshading\deferredshading\x64\debug\deferredshading.tlog\cl.read.1.tlog
f:\git\personal\personalproject\deferredshading\deferredshading\x64\debug\deferredshading.tlog\cl.write.1.tlog
f:\git\personal\personalproject\deferredshading\deferredshading\x64\debug\deferredshading.tlog\deferredshading.write.1u.tlog
